<?xml version="1.0" encoding="UTF-8"?>
<testng-results ignored="0" total="1" passed="1" failed="0" skipped="0">
  <reporter-output>
  </reporter-output>
  <suite started-at="2023-05-04T16:16:08 IST" name="Default suite" finished-at="2023-05-04T16:16:08 IST" duration-ms="66">
    <groups>
    </groups>
    <test started-at="2023-05-04T16:16:08 IST" name="Default test" finished-at="2023-05-04T16:16:08 IST" duration-ms="66">
      <class name="TestNG_Practice.annotations">
        <test-method signature="method()[pri:0, instance:TestNG_Practice.annotations@5ccddd20]" started-at="2023-05-04T16:16:08 IST" name="method" finished-at="2023-05-04T16:16:08 IST" duration-ms="16" status="PASS">
          <reporter-output>
          </reporter-output>
        </test-method> <!-- method -->
      </class> <!-- TestNG_Practice.annotations -->
    </test> <!-- Default test -->
  </suite> <!-- Default suite -->
</testng-results>
